<?xml version="1.0" encoding="UTF-8"?>
<!-- Generated by org.testng.reporters.JUnitXMLReporter -->
<testsuite ignored="3" hostname="DESKTOP-US9O7O0" failures="0" tests="1" name="Default test" time="2.717" errors="0" timestamp="06 Sep 2022 18:34:36 GMT">
  <testcase classname="com.qa.graphql.tests.GraphQLQueryTests" name="getAllUsersfromHasuraWithPojosTest" time="2.698"/>
  <testcase classname="com.qa.graphql.tests.GraphQLQueryTests" name="getAllUsersfromHasuraTest" time="0.0">
    <ignored/>
  </testcase> <!-- getAllUsersfromHasuraTest -->
  <testcase classname="com.qa.graphql.tests.GraphQLQueryTests" name="getAllUsersfromHasuraWithDataTest" time="0.0">
    <ignored/>
  </testcase> <!-- getAllUsersfromHasuraWithDataTest -->
  <testcase classname="com.qa.graphql.tests.GraphQLQueryTests" name="getAllFilmsDetailTest" time="0.0">
    <ignored/>
  </testcase> <!-- getAllFilmsDetailTest -->
</testsuite> <!-- Default test -->
