<?xml version="1.0" encoding="UTF-8"?>
<testng-results ignored="3" total="4" passed="1" failed="0" skipped="0">
  <reporter-output>
  </reporter-output>
  <suite started-at="2022-09-06T18:34:34Z" name="Default suite" finished-at="2022-09-06T18:34:36Z" duration-ms="2717">
    <groups>
    </groups>
    <test started-at="2022-09-06T18:34:34Z" name="Default test" finished-at="2022-09-06T18:34:36Z" duration-ms="2717">
      <class name="com.qa.graphql.tests.GraphQLQueryTests">
        <test-method signature="getAllUsersfromHasuraWithPojosTest()[pri:0, instance:com.qa.graphql.tests.GraphQLQueryTests@6337c201]" started-at="2022-09-06T18:34:34Z" name="getAllUsersfromHasuraWithPojosTest" finished-at="2022-09-06T18:34:36Z" duration-ms="2698" status="PASS">
          <reporter-output>
          </reporter-output>
        </test-method> <!-- getAllUsersfromHasuraWithPojosTest -->
      </class> <!-- com.qa.graphql.tests.GraphQLQueryTests -->
    </test> <!-- Default test -->
  </suite> <!-- Default suite -->
</testng-results>
